.E.E.E.E..E.E.E.E.E.E.E.E.E.E.E.E.E.E.E.E.E.E.E.E
Time: 0.017
There were 24 errors:
1) testYourDebuggingSkillsTrial1(BlackBeltDebuggerChallengeTest)java.lang.RuntimeException: The Ninja laughs at your feeble debugger Fu
	at Ninja.trial1(Ninja.java:33)
	at BlackBeltDebuggerChallengeTest.testYourDebuggingSkillsTrial1(BlackBeltDebuggerChallengeTest.java:33)
	at sun.reflect.NativeMethodAccessorImpl.invoke0(Native Method)
	at sun.reflect.NativeMethodAccessorImpl.invoke(NativeMethodAccessorImpl.java:57)
	at sun.reflect.DelegatingMethodAccessorImpl.invoke(DelegatingMethodAccessorImpl.java:43)
	at AutomaticScoreCheck.main(AutomaticScoreCheck.java:24)
2) testYourDebuggingSkillsTrial2(BlackBeltDebuggerChallengeTest)java.lang.RuntimeException: The Ninja casts you into Recursion Hell
	at Ninja.callMe(Ninja.java:78)
	at Ninja.callMe(Ninja.java:80)
	at Ninja.callMe(Ninja.java:80)
	at Ninja.callMe(Ninja.java:80)
	at Ninja.callMe(Ninja.java:80)
	at Ninja.callMe(Ninja.java:80)
	at Ninja.callMe(Ninja.java:80)
	at Ninja.callMe(Ninja.java:80)
	at Ninja.callMe(Ninja.java:80)
	at Ninja.callMe(Ninja.java:80)
	at Ninja.callMe(Ninja.java:80)
	at Ninja.callMe(Ninja.java:80)
	at Ninja.callMe(Ninja.java:80)
	at Ninja.callMe(Ninja.java:80)
	at Ninja.callMe(Ninja.java:80)
	at Ninja.callMe(Ninja.java:80)
	at Ninja.callMe(Ninja.java:80)
	at Ninja.callMe(Ninja.java:80)
	at Ninja.callMe(Ninja.java:80)
	at Ninja.callMe(Ninja.java:80)
	at Ninja.callMe(Ninja.java:80)
	at Ninja.callMe(Ninja.java:80)
	at Ninja.callMe(Ninja.java:80)
	at Ninja.callMe(Ninja.java:80)
	at Ninja.callMe(Ninja.java:80)
	at Ninja.callMe(Ninja.java:80)
	at Ninja.callMe(Ninja.java:80)
	at Ninja.callMe(Ninja.java:80)
	at Ninja.callMe(Ninja.java:80)
	at Ninja.callMe(Ninja.java:80)
	at Ninja.callMe(Ninja.java:80)
	at Ninja.callMe(Ninja.java:80)
	at Ninja.callMe(Ninja.java:80)
	at Ninja.callMe(Ninja.java:80)
	at Ninja.callMe(Ninja.java:80)
	at Ninja.callMe(Ninja.java:80)
	at Ninja.callMe(Ninja.java:80)
	at Ninja.callMe(Ninja.java:80)
	at Ninja.callMe(Ninja.java:80)
	at Ninja.callMe(Ninja.java:80)
	at Ninja.callMe(Ninja.java:80)
	at Ninja.callMe(Ninja.java:80)
	at Ninja.callMe(Ninja.java:80)
	at Ninja.callMe(Ninja.java:80)
	at Ninja.callMe(Ninja.java:80)
	at Ninja.callMe(Ninja.java:80)
	at Ninja.callMe(Ninja.java:80)
	at Ninja.callMe(Ninja.java:80)
	at Ninja.callMe(Ninja.java:80)
	at Ninja.callMe(Ninja.java:80)
	at Ninja.callMe(Ninja.java:80)
	at Ninja.callMe(Ninja.java:80)
	at Ninja.callMe(Ninja.java:80)
	at Ninja.callMe(Ninja.java:80)
	at Ninja.callMe(Ninja.java:80)
	at Ninja.callMe(Ninja.java:80)
	at Ninja.callMe(Ninja.java:80)
	at Ninja.callMe(Ninja.java:80)
	at Ninja.callMe(Ninja.java:80)
	at Ninja.callMe(Ninja.java:80)
	at Ninja.callMe(Ninja.java:80)
	at Ninja.callMe(Ninja.java:80)
	at Ninja.callMe(Ninja.java:80)
	at Ninja.callMe(Ninja.java:80)
	at Ninja.callMe(Ninja.java:80)
	at Ninja.callMe(Ninja.java:80)
	at Ninja.callMe(Ninja.java:80)
	at Ninja.callMe(Ninja.java:80)
	at Ninja.callMe(Ninja.java:80)
	at Ninja.callMe(Ninja.java:80)
	at Ninja.callMe(Ninja.java:80)
	at Ninja.callMe(Ninja.java:80)
	at Ninja.callMe(Ninja.java:80)
	at Ninja.callMe(Ninja.java:80)
	at Ninja.callMe(Ninja.java:80)
	at Ninja.callMe(Ninja.java:80)
	at Ninja.callMe(Ninja.java:80)
	at Ninja.callMe(Ninja.java:80)
	at Ninja.callMe(Ninja.java:80)
	at Ninja.callMe(Ninja.java:80)
	at Ninja.callMe(Ninja.java:80)
	at Ninja.callMe(Ninja.java:80)
	at Ninja.callMe(Ninja.java:80)
	at Ninja.callMe(Ninja.java:80)
	at Ninja.callMe(Ninja.java:80)
	at Ninja.callMe(Ninja.java:80)
	at Ninja.callMe(Ninja.java:80)
	at Ninja.callMe(Ninja.java:80)
	at Ninja.callMe(Ninja.java:80)
	at Ninja.callMe(Ninja.java:80)
	at Ninja.callMe(Ninja.java:80)
	at Ninja.callMe(Ninja.java:80)
	at Ninja.callMe(Ninja.java:80)
	at Ninja.callMe(Ninja.java:80)
	at Ninja.callMe(Ninja.java:80)
	at Ninja.callMe(Ninja.java:80)
	at Ninja.callMe(Ninja.java:80)
	at Ninja.callMe(Ninja.java:80)
	at Ninja.callMe(Ninja.java:80)
	at Ninja.callMe(Ninja.java:80)
	at Ninja.callMe(Ninja.java:80)
	at Ninja.callMe(Ninja.java:80)
	at Ninja.callMe(Ninja.java:80)
	at Ninja.callMe(Ninja.java:80)
	at Ninja.callMe(Ninja.java:80)
	at Ninja.callMe(Ninja.java:80)
	at Ninja.callMe(Ninja.java:80)
	at Ninja.callMe(Ninja.java:80)
	at Ninja.callMe(Ninja.java:80)
	at Ninja.callMe(Ninja.java:80)
	at Ninja.trial2(Ninja.java:40)
	at BlackBeltDebuggerChallengeTest.testYourDebuggingSkillsTrial2(BlackBeltDebuggerChallengeTest.java:45)
	at sun.reflect.NativeMethodAccessorImpl.invoke0(Native Method)
	at sun.reflect.NativeMethodAccessorImpl.invoke(NativeMethodAccessorImpl.java:57)
	at sun.reflect.DelegatingMethodAccessorImpl.invoke(DelegatingMethodAccessorImpl.java:43)
	at AutomaticScoreCheck.main(AutomaticScoreCheck.java:24)
3) testYourDebuggingSkillsTrial3(BlackBeltDebuggerChallengeTest)java.lang.RuntimeException: The Ninja crushes your futile debugging attempts
	at Ninja.smurf(Ninja.java:91)
	at Ninja.trial3(Ninja.java:61)
	at BlackBeltDebuggerChallengeTest.testYourDebuggingSkillsTrial3(BlackBeltDebuggerChallengeTest.java:57)
	at sun.reflect.NativeMethodAccessorImpl.invoke0(Native Method)
	at sun.reflect.NativeMethodAccessorImpl.invoke(NativeMethodAccessorImpl.java:57)
	at sun.reflect.DelegatingMethodAccessorImpl.invoke(DelegatingMethodAccessorImpl.java:43)
	at AutomaticScoreCheck.main(AutomaticScoreCheck.java:24)
4) testYourDebuggingSkillsTrial0(BlackBeltDebuggerChallengeTest)java.lang.RuntimeException: The Ninja smirks at your weak attempts
	at Ninja.trial0(Ninja.java:7)
	at BlackBeltDebuggerChallengeTest.testYourDebuggingSkillsTrial0(BlackBeltDebuggerChallengeTest.java:20)
	at sun.reflect.NativeMethodAccessorImpl.invoke0(Native Method)
	at sun.reflect.NativeMethodAccessorImpl.invoke(NativeMethodAccessorImpl.java:57)
	at sun.reflect.DelegatingMethodAccessorImpl.invoke(DelegatingMethodAccessorImpl.java:43)
	at AutomaticScoreCheck.main(AutomaticScoreCheck.java:24)
5) testGetSentence(LinkedListTest)java.lang.IllegalArgumentException: Not Yet Implemented
	at LinkedList.getSentence(LinkedList.java:79)
	at LinkedListTest.testGetSentence(LinkedListTest.java:49)
	at sun.reflect.NativeMethodAccessorImpl.invoke0(Native Method)
	at sun.reflect.NativeMethodAccessorImpl.invoke(NativeMethodAccessorImpl.java:57)
	at sun.reflect.DelegatingMethodAccessorImpl.invoke(DelegatingMethodAccessorImpl.java:43)
	at AutomaticScoreCheck.main(AutomaticScoreCheck.java:24)
6) testGetReversedSentence(LinkedListTest)java.lang.IllegalArgumentException: Not Yet Implemented
	at LinkedList.getReversedSentence(LinkedList.java:90)
	at LinkedListTest.testGetReversedSentence(LinkedListTest.java:57)
	at sun.reflect.NativeMethodAccessorImpl.invoke0(Native Method)
	at sun.reflect.NativeMethodAccessorImpl.invoke(NativeMethodAccessorImpl.java:57)
	at sun.reflect.DelegatingMethodAccessorImpl.invoke(DelegatingMethodAccessorImpl.java:43)
	at AutomaticScoreCheck.main(AutomaticScoreCheck.java:24)
7) testCreateLinkedList(LinkedListTest)java.lang.IllegalArgumentException: Not Yet Implemented
	at LinkedList.createLinkedList(LinkedList.java:97)
	at LinkedListTest.testCreateLinkedList(LinkedListTest.java:63)
	at sun.reflect.NativeMethodAccessorImpl.invoke0(Native Method)
	at sun.reflect.NativeMethodAccessorImpl.invoke(NativeMethodAccessorImpl.java:57)
	at sun.reflect.DelegatingMethodAccessorImpl.invoke(DelegatingMethodAccessorImpl.java:43)
	at AutomaticScoreCheck.main(AutomaticScoreCheck.java:24)
8) testGetLetterCount(LinkedListTest)java.lang.IllegalArgumentException: Not Yet Implemented
	at LinkedList.getLetterCount(LinkedList.java:59)
	at LinkedListTest.testGetLetterCount(LinkedListTest.java:14)
	at sun.reflect.NativeMethodAccessorImpl.invoke0(Native Method)
	at sun.reflect.NativeMethodAccessorImpl.invoke(NativeMethodAccessorImpl.java:57)
	at sun.reflect.DelegatingMethodAccessorImpl.invoke(DelegatingMethodAccessorImpl.java:43)
	at AutomaticScoreCheck.main(AutomaticScoreCheck.java:24)
9) testContains(LinkedListTest)java.lang.IllegalArgumentException: Not Yet Implemented
	at LinkedList.createLinkedList(LinkedList.java:97)
	at LinkedListTest.testContains(LinkedListTest.java:70)
	at sun.reflect.NativeMethodAccessorImpl.invoke0(Native Method)
	at sun.reflect.NativeMethodAccessorImpl.invoke(NativeMethodAccessorImpl.java:57)
	at sun.reflect.DelegatingMethodAccessorImpl.invoke(DelegatingMethodAccessorImpl.java:43)
	at AutomaticScoreCheck.main(AutomaticScoreCheck.java:24)
10) testFind(LinkedListTest)java.lang.IllegalArgumentException: Not Yet Implemented
	at LinkedList.find(LinkedList.java:122)
	at LinkedListTest.testFind(LinkedListTest.java:81)
	at sun.reflect.NativeMethodAccessorImpl.invoke0(Native Method)
	at sun.reflect.NativeMethodAccessorImpl.invoke(NativeMethodAccessorImpl.java:57)
	at sun.reflect.DelegatingMethodAccessorImpl.invoke(DelegatingMethodAccessorImpl.java:43)
	at AutomaticScoreCheck.main(AutomaticScoreCheck.java:24)
11) testFindLast(LinkedListTest)java.lang.IllegalArgumentException: Not Yet Implemented
	at LinkedList.findLast(LinkedList.java:134)
	at LinkedListTest.testFindLast(LinkedListTest.java:93)
	at sun.reflect.NativeMethodAccessorImpl.invoke0(Native Method)
	at sun.reflect.NativeMethodAccessorImpl.invoke(NativeMethodAccessorImpl.java:57)
	at sun.reflect.DelegatingMethodAccessorImpl.invoke(DelegatingMethodAccessorImpl.java:43)
	at AutomaticScoreCheck.main(AutomaticScoreCheck.java:24)
12) testAppend(LinkedListTest)java.lang.IllegalArgumentException: Not Yet Implemented
	at LinkedList.append(LinkedList.java:50)
	at LinkedListTest.testAppend(LinkedListTest.java:101)
	at sun.reflect.NativeMethodAccessorImpl.invoke0(Native Method)
	at sun.reflect.NativeMethodAccessorImpl.invoke(NativeMethodAccessorImpl.java:57)
	at sun.reflect.DelegatingMethodAccessorImpl.invoke(DelegatingMethodAccessorImpl.java:43)
	at AutomaticScoreCheck.main(AutomaticScoreCheck.java:24)
13) testInsertInCorrectPosition(LinkedListTest)java.lang.IllegalArgumentException: Not Yet Implemented
	at LinkedList.insert(LinkedList.java:138)
	at LinkedListTest.testInsertInCorrectPosition(LinkedListTest.java:109)
	at sun.reflect.NativeMethodAccessorImpl.invoke0(Native Method)
	at sun.reflect.NativeMethodAccessorImpl.invoke(NativeMethodAccessorImpl.java:57)
	at sun.reflect.DelegatingMethodAccessorImpl.invoke(DelegatingMethodAccessorImpl.java:43)
	at AutomaticScoreCheck.main(AutomaticScoreCheck.java:24)
14) testGetLongestWord(LinkedListTest)java.lang.IllegalArgumentException: Not Yet Implemented
	at LinkedList.getLongestWord(LinkedList.java:71)
	at LinkedListTest.testGetLongestWord(LinkedListTest.java:28)
	at sun.reflect.NativeMethodAccessorImpl.invoke0(Native Method)
	at sun.reflect.NativeMethodAccessorImpl.invoke(NativeMethodAccessorImpl.java:57)
	at sun.reflect.DelegatingMethodAccessorImpl.invoke(DelegatingMethodAccessorImpl.java:43)
	at AutomaticScoreCheck.main(AutomaticScoreCheck.java:24)
15) testcount(PersonTest)java.lang.IllegalArgumentException: Not Yet Implemented
	at Person.count(Person.java:64)
	at PersonTest.testcount(PersonTest.java:35)
	at sun.reflect.NativeMethodAccessorImpl.invoke0(Native Method)
	at sun.reflect.NativeMethodAccessorImpl.invoke(NativeMethodAccessorImpl.java:57)
	at sun.reflect.DelegatingMethodAccessorImpl.invoke(DelegatingMethodAccessorImpl.java:43)
	at AutomaticScoreCheck.main(AutomaticScoreCheck.java:24)
16) testCountGender(PersonTest)java.lang.IllegalArgumentException: Not Yet Implemented
	at Person.countGender(Person.java:81)
	at PersonTest.testCountGender(PersonTest.java:43)
	at sun.reflect.NativeMethodAccessorImpl.invoke0(Native Method)
	at sun.reflect.NativeMethodAccessorImpl.invoke(NativeMethodAccessorImpl.java:57)
	at sun.reflect.DelegatingMethodAccessorImpl.invoke(DelegatingMethodAccessorImpl.java:43)
	at AutomaticScoreCheck.main(AutomaticScoreCheck.java:24)
17) testCountGrandChildern(PersonTest)java.lang.IllegalArgumentException: Not Yet Implemented
	at Person.countGrandChildren(Person.java:69)
	at PersonTest.testCountGrandChildern(PersonTest.java:53)
	at sun.reflect.NativeMethodAccessorImpl.invoke0(Native Method)
	at sun.reflect.NativeMethodAccessorImpl.invoke(NativeMethodAccessorImpl.java:57)
	at sun.reflect.DelegatingMethodAccessorImpl.invoke(DelegatingMethodAccessorImpl.java:43)
	at AutomaticScoreCheck.main(AutomaticScoreCheck.java:24)
18) testCountMaxGenerations(PersonTest)java.lang.IllegalArgumentException: Not Yet Implemented
	at Person.countMaxGenerations(Person.java:75)
	at PersonTest.testCountMaxGenerations(PersonTest.java:61)
	at sun.reflect.NativeMethodAccessorImpl.invoke0(Native Method)
	at sun.reflect.NativeMethodAccessorImpl.invoke(NativeMethodAccessorImpl.java:57)
	at sun.reflect.DelegatingMethodAccessorImpl.invoke(DelegatingMethodAccessorImpl.java:43)
	at AutomaticScoreCheck.main(AutomaticScoreCheck.java:24)
19) testEmptyIsZero(GeneAnalysisTest)java.lang.IllegalArgumentException: Not Yet Implemented
	at GeneAnalysis.score(GeneAnalysis.java:13)
	at GeneAnalysisTest.testEmptyIsZero(GeneAnalysisTest.java:18)
	at sun.reflect.NativeMethodAccessorImpl.invoke0(Native Method)
	at sun.reflect.NativeMethodAccessorImpl.invoke(NativeMethodAccessorImpl.java:57)
	at sun.reflect.DelegatingMethodAccessorImpl.invoke(DelegatingMethodAccessorImpl.java:43)
	at AutomaticScoreCheck.main(AutomaticScoreCheck.java:24)
20) testScore0(GeneAnalysisTest)java.lang.IllegalArgumentException: Not Yet Implemented
	at GeneAnalysis.score(GeneAnalysis.java:13)
	at GeneAnalysisTest.testScore0(GeneAnalysisTest.java:24)
	at sun.reflect.NativeMethodAccessorImpl.invoke0(Native Method)
	at sun.reflect.NativeMethodAccessorImpl.invoke(NativeMethodAccessorImpl.java:57)
	at sun.reflect.DelegatingMethodAccessorImpl.invoke(DelegatingMethodAccessorImpl.java:43)
	at AutomaticScoreCheck.main(AutomaticScoreCheck.java:24)
21) testScore2(GeneAnalysisTest)java.lang.IllegalArgumentException: Not Yet Implemented
	at GeneAnalysis.score(GeneAnalysis.java:13)
	at GeneAnalysisTest.testScore2(GeneAnalysisTest.java:28)
	at sun.reflect.NativeMethodAccessorImpl.invoke0(Native Method)
	at sun.reflect.NativeMethodAccessorImpl.invoke(NativeMethodAccessorImpl.java:57)
	at sun.reflect.DelegatingMethodAccessorImpl.invoke(DelegatingMethodAccessorImpl.java:43)
	at AutomaticScoreCheck.main(AutomaticScoreCheck.java:24)
22) testScore4(GeneAnalysisTest)java.lang.IllegalArgumentException: Not Yet Implemented
	at GeneAnalysis.score(GeneAnalysis.java:13)
	at GeneAnalysisTest.testScore4(GeneAnalysisTest.java:44)
	at sun.reflect.NativeMethodAccessorImpl.invoke0(Native Method)
	at sun.reflect.NativeMethodAccessorImpl.invoke(NativeMethodAccessorImpl.java:57)
	at sun.reflect.DelegatingMethodAccessorImpl.invoke(DelegatingMethodAccessorImpl.java:43)
	at AutomaticScoreCheck.main(AutomaticScoreCheck.java:24)
23) testScore5(GeneAnalysisTest)java.lang.IllegalArgumentException: Not Yet Implemented
	at GeneAnalysis.score(GeneAnalysis.java:13)
	at GeneAnalysisTest.testScore5(GeneAnalysisTest.java:49)
	at sun.reflect.NativeMethodAccessorImpl.invoke0(Native Method)
	at sun.reflect.NativeMethodAccessorImpl.invoke(NativeMethodAccessorImpl.java:57)
	at sun.reflect.DelegatingMethodAccessorImpl.invoke(DelegatingMethodAccessorImpl.java:43)
	at AutomaticScoreCheck.main(AutomaticScoreCheck.java:24)
24) testScore8(GeneAnalysisTest)java.lang.IllegalArgumentException: Not Yet Implemented
	at GeneAnalysis.score(GeneAnalysis.java:13)
	at GeneAnalysisTest.testScore8(GeneAnalysisTest.java:58)
	at sun.reflect.NativeMethodAccessorImpl.invoke0(Native Method)
	at sun.reflect.NativeMethodAccessorImpl.invoke(NativeMethodAccessorImpl.java:57)
	at sun.reflect.DelegatingMethodAccessorImpl.invoke(DelegatingMethodAccessorImpl.java:43)
	at AutomaticScoreCheck.main(AutomaticScoreCheck.java:24)

FAILURES!!!
Tests run: 25,  Failures: 0,  Errors: 24

1 passed out of 25
Score=4
